
> @vato/core@1.0.0 build
> tsc

src/index.ts(2,15): error TS2307: Cannot find module './services/ChatService' or its corresponding type declarations.
src/index.ts(3,15): error TS2307: Cannot find module './services/ConversationService' or its corresponding type declarations.
src/index.ts(6,15): error TS2307: Cannot find module './hooks/useChat' or its corresponding type declarations.
src/index.ts(7,15): error TS2307: Cannot find module './hooks/useConversations' or its corresponding type declarations.
src/index.ts(8,15): error TS2307: Cannot find module './hooks/useTheme' or its corresponding type declarations.
src/index.ts(11,15): error TS2307: Cannot find module './models/Message' or its corresponding type declarations.
src/index.ts(12,15): error TS2307: Cannot find module './models/Conversation' or its corresponding type declarations.
src/index.ts(13,15): error TS2307: Cannot find module './models/User' or its corresponding type declarations.
